<?xml version="1.0" encoding="UTF-8"?>
<!-- Generated by org.testng.reporters.JUnitReportReporter -->
<testsuite hostname="Priyas-MacBook-Air.local" failures="0" tests="2" name="cucumber.TestNGTestRunner" time="0.033" errors="2" timestamp="2025-03-07T19:37:00 EST" skipped="0">
  <testcase classname="cucumber.TestNGTestRunner" name="runScenario" time="0.029">
    <error message="Cannot invoke &quot;rahulshettyacademy.pageobjects.LandingPage.launchApplication()&quot; because &quot;this.landingPage&quot; is null" type="java.lang.NullPointerException">
      <![CDATA[java.lang.NullPointerException: Cannot invoke "rahulshettyacademy.pageobjects.LandingPage.launchApplication()" because "this.landingPage" is null
at rahulshettyacademy.stepDefinitions.StepDefinitionImpl.I_landed_on_Ecommerce_Page(StepDefinitionImpl.java:29)
at ✽.I landed on Ecommerce Page(file:///Users/priyalakha/eclipse-workspace/SeleniumFrameworkDesign/src/test/java/cucumber/ErrorValidations.feature:10)
]]>
    </error>
  </testcase> <!-- runScenario -->
  <testcase classname="cucumber.TestNGTestRunner" name="runScenario" time="0.004">
    <error message="Cannot invoke &quot;rahulshettyacademy.pageobjects.LandingPage.launchApplication()&quot; because &quot;this.landingPage&quot; is null" type="java.lang.NullPointerException">
      <![CDATA[java.lang.NullPointerException: Cannot invoke "rahulshettyacademy.pageobjects.LandingPage.launchApplication()" because "this.landingPage" is null
at rahulshettyacademy.stepDefinitions.StepDefinitionImpl.I_landed_on_Ecommerce_Page(StepDefinitionImpl.java:29)
at ✽.I landed on Ecommerce Page(file:///Users/priyalakha/eclipse-workspace/SeleniumFrameworkDesign/src/test/java/cucumber/SubmitOrder.feature:8)
]]>
    </error>
  </testcase> <!-- runScenario -->
</testsuite> <!-- cucumber.TestNGTestRunner -->
